<?xml version="1.0" encoding="UTF-8"?>
<!-- Generated by org.testng.reporters.JUnitXMLReporter -->
<testsuite ignored="0" hostname="SL7" failures="0" tests="3" name="ModuleOneTest" time="10.079" errors="0" timestamp="2026-02-17T12:20:09 IST">
  <testcase classname="parallelscripts.sampleonetest" name="testone" time="4.378"/>
  <testcase classname="parallelscripts.sampleonetest" name="testthree" time="2.856"/>
  <testcase classname="parallelscripts.sampleonetest" name="testtwo" time="2.699"/>
</testsuite> <!-- ModuleOneTest -->
