<?xml version="1.0" encoding="UTF-8"?>
<!-- Generated by org.testng.reporters.JUnitXMLReporter -->
<testsuite ignored="0" hostname="SL7" failures="0" tests="3" name="ModuleTwoTest" time="10.658" errors="0" timestamp="2026-02-17T12:20:10 IST">
  <testcase classname="parallelscripts.sampletwotest" name="testone" time="4.24"/>
  <testcase classname="parallelscripts.sampletwotest" name="testthree" time="3.094"/>
  <testcase classname="parallelscripts.sampletwotest" name="testtwo" time="3.182"/>
</testsuite> <!-- ModuleTwoTest -->
