<?xml version="1.0" encoding="UTF-8"?>
<!-- Generated by org.testng.reporters.JUnitReportReporter -->
<testsuite hostname="SL7" failures="0" tests="3" name="testScripts.Ecart_Test_Seleniumgrid" time="15.869" errors="0" timestamp="2026-02-19T13:01:19 IST" skipped="0">
  <testcase classname="testScripts.Ecart_Test_Seleniumgrid" name="login" time="3.355"/>
  <testcase classname="testScripts.Ecart_Test_Seleniumgrid" name="addtocart" time="5.539"/>
  <testcase classname="testScripts.Ecart_Test_Seleniumgrid" name="placeorder" time="6.975"/>
</testsuite> <!-- testScripts.Ecart_Test_Seleniumgrid -->
