<?xml version="1.0" encoding="UTF-8"?>
<!-- Generated by org.testng.reporters.JUnitReportReporter -->
<testsuite hostname="SL7" failures="0" tests="3" name="testScripts.Ecart_Test" time="12.738" errors="0" timestamp="2026-02-17T11:29:10 IST" skipped="0">
  <testcase classname="testScripts.Ecart_Test" name="login" time="3.227"/>
  <testcase classname="testScripts.Ecart_Test" name="addtocart" time="5.664"/>
  <testcase classname="testScripts.Ecart_Test" name="placeorder" time="3.847"/>
</testsuite> <!-- testScripts.Ecart_Test -->
