<?xml version="1.0" encoding="UTF-8"?>
<!-- Generated by org.testng.reporters.JUnitReportReporter -->
<testsuite hostname="SL7" failures="0" tests="3" name="parallelscripts.sampleonetest" time="9.933" errors="0" timestamp="2026-02-17T12:20:10 IST" skipped="0">
  <testcase classname="parallelscripts.sampleonetest" name="testthree" time="2.856"/>
  <testcase classname="parallelscripts.sampleonetest" name="testone" time="4.378"/>
  <testcase classname="parallelscripts.sampleonetest" name="testtwo" time="2.699"/>
</testsuite> <!-- parallelscripts.sampleonetest -->
