<?xml version="1.0" encoding="UTF-8"?>
<!-- Generated by org.testng.reporters.JUnitReportReporter -->
<testsuite hostname="SL7" failures="0" tests="3" name="testScripts.Ecart_Test_ByMethod" time="10.898" errors="0" timestamp="2026-02-19T09:48:54 IST" skipped="0">
  <testcase classname="testScripts.Ecart_Test_ByMethod" name="login" time="3.211"/>
  <testcase classname="testScripts.Ecart_Test_ByMethod" name="addtocart" time="5.391"/>
  <testcase classname="testScripts.Ecart_Test_ByMethod" name="placeorder" time="2.296"/>
</testsuite> <!-- testScripts.Ecart_Test_ByMethod -->
