<?xml version="1.0" encoding="UTF-8"?>
<!-- Generated by org.testng.reporters.JUnitReportReporter -->
<testsuite hostname="SL7" failures="0" tests="3" name="parallelscripts.sampletwotest" time="10.516" errors="0" timestamp="2026-02-17T12:20:10 IST" skipped="0">
  <testcase classname="parallelscripts.sampletwotest" name="testtwo" time="3.182"/>
  <testcase classname="parallelscripts.sampletwotest" name="testthree" time="3.094"/>
  <testcase classname="parallelscripts.sampletwotest" name="testone" time="4.240"/>
</testsuite> <!-- parallelscripts.sampletwotest -->
